<?xml version="1.0" encoding="UTF-8"?>
<testsuite xmlns:xsi="http://www.w3.org/2001/XMLSchema-instance" xsi:noNamespaceSchemaLocation="https://maven.apache.org/surefire/maven-surefire-plugin/xsd/surefire-test-report.xsd" name="cn.ekgc.itrip.AppTest" time="0.063" tests="1" errors="0" skipped="0" failures="0">
  <properties>
    <property name="sun.desktop" value="windows"/>
    <property name="awt.toolkit" value="sun.awt.windows.WToolkit"/>
    <property name="file.encoding.pkg" value="sun.io"/>
    <property name="java.specification.version" value="1.8"/>
    <property name="sun.cpu.isalist" value="amd64"/>
    <property name="sun.jnu.encoding" value="GBK"/>
    <property name="java.class.path" value="D:\LS_graduation_project\iTripBackendProject\itrip-eureka-server\target\test-classes;D:\LS_graduation_project\iTripBackendProject\itrip-eureka-server\target\classes;D:\java\maven\org\springframework\cloud\spring-cloud-starter-netflix-eureka-server\2.1.5.RELEASE\spring-cloud-starter-netflix-eureka-server-2.1.5.RELEASE.jar;D:\java\maven\org\springframework\cloud\spring-cloud-starter\2.1.5.RELEASE\spring-cloud-starter-2.1.5.RELEASE.jar;D:\java\maven\org\springframework\cloud\spring-cloud-context\2.1.5.RELEASE\spring-cloud-context-2.1.5.RELEASE.jar;D:\java\maven\org\springframework\security\spring-security-crypto\5.1.7.RELEASE\spring-security-crypto-5.1.7.RELEASE.jar;D:\java\maven\org\springframework\cloud\spring-cloud-commons\2.1.5.RELEASE\spring-cloud-commons-2.1.5.RELEASE.jar;D:\java\maven\org\springframework\security\spring-security-rsa\1.0.9.RELEASE\spring-security-rsa-1.0.9.RELEASE.jar;D:\java\maven\org\bouncycastle\bcpkix-jdk15on\1.64\bcpkix-jdk15on-1.64.jar;D:\java\maven\org\bouncycastle\bcprov-jdk15on\1.64\bcprov-jdk15on-1.64.jar;D:\java\maven\org\springframework\cloud\spring-cloud-netflix-eureka-server\2.1.5.RELEASE\spring-cloud-netflix-eureka-server-2.1.5.RELEASE.jar;D:\java\maven\org\springframework\boot\spring-boot-starter-actuator\2.1.12.RELEASE\spring-boot-starter-actuator-2.1.12.RELEASE.jar;D:\java\maven\org\springframework\boot\spring-boot-actuator-autoconfigure\2.1.12.RELEASE\spring-boot-actuator-autoconfigure-2.1.12.RELEASE.jar;D:\java\maven\org\springframework\boot\spring-boot-actuator\2.1.12.RELEASE\spring-boot-actuator-2.1.12.RELEASE.jar;D:\java\maven\io\micrometer\micrometer-core\1.1.9\micrometer-core-1.1.9.jar;D:\java\maven\org\hdrhistogram\HdrHistogram\2.1.9\HdrHistogram-2.1.9.jar;D:\java\maven\org\latencyutils\LatencyUtils\2.0.3\LatencyUtils-2.0.3.jar;D:\java\maven\org\springframework\boot\spring-boot-starter-freemarker\2.1.12.RELEASE\spring-boot-starter-freemarker-2.1.12.RELEASE.jar;D:\java\maven\org\freemarker\freemarker\2.3.29\freemarker-2.3.29.jar;D:\java\maven\org\springframework\spring-context-support\5.1.13.RELEASE\spring-context-support-5.1.13.RELEASE.jar;D:\java\maven\org\springframework\cloud\spring-cloud-netflix-hystrix\2.1.5.RELEASE\spring-cloud-netflix-hystrix-2.1.5.RELEASE.jar;D:\java\maven\org\springframework\boot\spring-boot-starter-aop\2.1.12.RELEASE\spring-boot-starter-aop-2.1.12.RELEASE.jar;D:\java\maven\org\aspectj\aspectjweaver\1.9.5\aspectjweaver-1.9.5.jar;D:\java\maven\org\springframework\cloud\spring-cloud-netflix-eureka-client\2.1.5.RELEASE\spring-cloud-netflix-eureka-client-2.1.5.RELEASE.jar;D:\java\maven\com\netflix\eureka\eureka-client\1.9.13\eureka-client-1.9.13.jar;D:\java\maven\org\codehaus\jettison\jettison\1.3.7\jettison-1.3.7.jar;D:\java\maven\stax\stax-api\1.0.1\stax-api-1.0.1.jar;D:\java\maven\com\netflix\netflix-commons\netflix-eventbus\0.3.0\netflix-eventbus-0.3.0.jar;D:\java\maven\com\netflix\netflix-commons\netflix-infix\0.3.0\netflix-infix-0.3.0.jar;D:\java\maven\commons-jxpath\commons-jxpath\1.3\commons-jxpath-1.3.jar;D:\java\maven\joda-time\joda-time\2.10.5\joda-time-2.10.5.jar;D:\java\maven\org\antlr\antlr-runtime\3.4\antlr-runtime-3.4.jar;D:\java\maven\org\antlr\stringtemplate\3.2.1\stringtemplate-3.2.1.jar;D:\java\maven\antlr\antlr\2.7.7\antlr-2.7.7.jar;D:\java\maven\com\google\code\gson\gson\2.8.6\gson-2.8.6.jar;D:\java\maven\org\apache\commons\commons-math\2.2\commons-math-2.2.jar;D:\java\maven\javax\ws\rs\jsr311-api\1.1.1\jsr311-api-1.1.1.jar;D:\java\maven\com\netflix\servo\servo-core\0.12.21\servo-core-0.12.21.jar;D:\java\maven\com\sun\jersey\jersey-core\1.19.1\jersey-core-1.19.1.jar;D:\java\maven\com\sun\jersey\contribs\jersey-apache-client4\1.19.1\jersey-apache-client4-1.19.1.jar;D:\java\maven\org\apache\httpcomponents\httpclient\4.5.10\httpclient-4.5.10.jar;D:\java\maven\org\apache\httpcomponents\httpcore\4.4.13\httpcore-4.4.13.jar;D:\java\maven\commons-codec\commons-codec\1.11\commons-codec-1.11.jar;D:\java\maven\com\google\inject\guice\4.1.0\guice-4.1.0.jar;D:\java\maven\aopalliance\aopalliance\1.0\aopalliance-1.0.jar;D:\java\maven\com\fasterxml\jackson\core\jackson-annotations\2.9.10\jackson-annotations-2.9.10.jar;D:\java\maven\com\fasterxml\jackson\core\jackson-core\2.9.10\jackson-core-2.9.10.jar;D:\java\maven\com\sun\jersey\jersey-servlet\1.19.1\jersey-servlet-1.19.1.jar;D:\java\maven\com\sun\jersey\jersey-server\1.19.1\jersey-server-1.19.1.jar;D:\java\maven\com\sun\jersey\jersey-client\1.19.1\jersey-client-1.19.1.jar;D:\java\maven\com\netflix\eureka\eureka-core\1.9.13\eureka-core-1.9.13.jar;D:\java\maven\com\fasterxml\woodstox\woodstox-core\5.0.3\woodstox-core-5.0.3.jar;D:\java\maven\com\netflix\archaius\archaius-core\0.7.6\archaius-core-0.7.6.jar;D:\java\maven\com\google\code\findbugs\jsr305\3.0.1\jsr305-3.0.1.jar;D:\java\maven\com\google\guava\guava\16.0\guava-16.0.jar;D:\java\maven\javax\inject\javax.inject\1\javax.inject-1.jar;D:\java\maven\com\fasterxml\jackson\dataformat\jackson-dataformat-xml\2.9.10\jackson-dataformat-xml-2.9.10.jar;D:\java\maven\com\fasterxml\jackson\module\jackson-module-jaxb-annotations\2.9.10\jackson-module-jaxb-annotations-2.9.10.jar;D:\java\maven\org\codehaus\woodstox\stax2-api\4.2\stax2-api-4.2.jar;D:\java\maven\com\thoughtworks\xstream\xstream\1.4.11.1\xstream-1.4.11.1.jar;D:\java\maven\xmlpull\xmlpull\1.1.3.1\xmlpull-1.1.3.1.jar;D:\java\maven\xpp3\xpp3_min\1.1.4c\xpp3_min-1.1.4c.jar;D:\java\maven\org\springframework\cloud\spring-cloud-starter-netflix-archaius\2.1.5.RELEASE\spring-cloud-starter-netflix-archaius-2.1.5.RELEASE.jar;D:\java\maven\org\springframework\cloud\spring-cloud-netflix-ribbon\2.1.5.RELEASE\spring-cloud-netflix-ribbon-2.1.5.RELEASE.jar;D:\java\maven\org\springframework\cloud\spring-cloud-netflix-archaius\2.1.5.RELEASE\spring-cloud-netflix-archaius-2.1.5.RELEASE.jar;D:\java\maven\commons-configuration\commons-configuration\1.8\commons-configuration-1.8.jar;D:\java\maven\commons-lang\commons-lang\2.6\commons-lang-2.6.jar;D:\java\maven\org\springframework\cloud\spring-cloud-starter-netflix-ribbon\2.1.5.RELEASE\spring-cloud-starter-netflix-ribbon-2.1.5.RELEASE.jar;D:\java\maven\com\netflix\ribbon\ribbon\2.3.0\ribbon-2.3.0.jar;D:\java\maven\com\netflix\ribbon\ribbon-transport\2.3.0\ribbon-transport-2.3.0.jar;D:\java\maven\io\reactivex\rxnetty-contexts\0.4.9\rxnetty-contexts-0.4.9.jar;D:\java\maven\io\reactivex\rxnetty-servo\0.4.9\rxnetty-servo-0.4.9.jar;D:\java\maven\com\netflix\hystrix\hystrix-core\1.5.18\hystrix-core-1.5.18.jar;D:\java\maven\io\reactivex\rxnetty\0.4.9\rxnetty-0.4.9.jar;D:\java\maven\com\netflix\ribbon\ribbon-core\2.3.0\ribbon-core-2.3.0.jar;D:\java\maven\com\netflix\ribbon\ribbon-httpclient\2.3.0\ribbon-httpclient-2.3.0.jar;D:\java\maven\commons-collections\commons-collections\3.2.2\commons-collections-3.2.2.jar;D:\java\maven\com\netflix\netflix-commons\netflix-commons-util\0.3.0\netflix-commons-util-0.3.0.jar;D:\java\maven\com\netflix\ribbon\ribbon-loadbalancer\2.3.0\ribbon-loadbalancer-2.3.0.jar;D:\java\maven\com\netflix\netflix-commons\netflix-statistics\0.1.1\netflix-statistics-0.1.1.jar;D:\java\maven\io\reactivex\rxjava\1.3.8\rxjava-1.3.8.jar;D:\java\maven\com\netflix\ribbon\ribbon-eureka\2.3.0\ribbon-eureka-2.3.0.jar;D:\java\maven\org\slf4j\slf4j-api\1.7.30\slf4j-api-1.7.30.jar;D:\java\maven\org\glassfish\jaxb\jaxb-runtime\2.3.1\jaxb-runtime-2.3.1.jar;D:\java\maven\javax\xml\bind\jaxb-api\2.3.1\jaxb-api-2.3.1.jar;D:\java\maven\org\glassfish\jaxb\txw2\2.3.1\txw2-2.3.1.jar;D:\java\maven\com\sun\istack\istack-commons-runtime\3.0.7\istack-commons-runtime-3.0.7.jar;D:\java\maven\org\jvnet\staxex\stax-ex\1.8\stax-ex-1.8.jar;D:\java\maven\com\sun\xml\fastinfoset\FastInfoset\1.2.15\FastInfoset-1.2.15.jar;D:\java\maven\javax\activation\javax.activation-api\1.2.0\javax.activation-api-1.2.0.jar;D:\java\maven\junit\junit\4.12\junit-4.12.jar;D:\java\maven\org\hamcrest\hamcrest-core\1.3\hamcrest-core-1.3.jar;D:\java\maven\org\springframework\boot\spring-boot-starter-web\2.1.12.RELEASE\spring-boot-starter-web-2.1.12.RELEASE.jar;D:\java\maven\org\springframework\boot\spring-boot-starter\2.1.12.RELEASE\spring-boot-starter-2.1.12.RELEASE.jar;D:\java\maven\org\springframework\boot\spring-boot\2.1.12.RELEASE\spring-boot-2.1.12.RELEASE.jar;D:\java\maven\org\springframework\boot\spring-boot-autoconfigure\2.1.12.RELEASE\spring-boot-autoconfigure-2.1.12.RELEASE.jar;D:\java\maven\org\springframework\boot\spring-boot-starter-logging\2.1.12.RELEASE\spring-boot-starter-logging-2.1.12.RELEASE.jar;D:\java\maven\ch\qos\logback\logback-classic\1.2.3\logback-classic-1.2.3.jar;D:\java\maven\ch\qos\logback\logback-core\1.2.3\logback-core-1.2.3.jar;D:\java\maven\org\apache\logging\log4j\log4j-to-slf4j\2.11.2\log4j-to-slf4j-2.11.2.jar;D:\java\maven\org\apache\logging\log4j\log4j-api\2.11.2\log4j-api-2.11.2.jar;D:\java\maven\org\slf4j\jul-to-slf4j\1.7.30\jul-to-slf4j-1.7.30.jar;D:\java\maven\javax\annotation\javax.annotation-api\1.3.2\javax.annotation-api-1.3.2.jar;D:\java\maven\org\springframework\spring-core\5.1.13.RELEASE\spring-core-5.1.13.RELEASE.jar;D:\java\maven\org\springframework\spring-jcl\5.1.13.RELEASE\spring-jcl-5.1.13.RELEASE.jar;D:\java\maven\org\yaml\snakeyaml\1.23\snakeyaml-1.23.jar;D:\java\maven\org\springframework\boot\spring-boot-starter-json\2.1.12.RELEASE\spring-boot-starter-json-2.1.12.RELEASE.jar;D:\java\maven\com\fasterxml\jackson\core\jackson-databind\2.9.10.2\jackson-databind-2.9.10.2.jar;D:\java\maven\com\fasterxml\jackson\datatype\jackson-datatype-jdk8\2.9.10\jackson-datatype-jdk8-2.9.10.jar;D:\java\maven\com\fasterxml\jackson\datatype\jackson-datatype-jsr310\2.9.10\jackson-datatype-jsr310-2.9.10.jar;D:\java\maven\com\fasterxml\jackson\module\jackson-module-parameter-names\2.9.10\jackson-module-parameter-names-2.9.10.jar;D:\java\maven\org\springframework\boot\spring-boot-starter-tomcat\2.1.12.RELEASE\spring-boot-starter-tomcat-2.1.12.RELEASE.jar;D:\java\maven\org\apache\tomcat\embed\tomcat-embed-core\9.0.30\tomcat-embed-core-9.0.30.jar;D:\java\maven\org\apache\tomcat\embed\tomcat-embed-el\9.0.30\tomcat-embed-el-9.0.30.jar;D:\java\maven\org\apache\tomcat\embed\tomcat-embed-websocket\9.0.30\tomcat-embed-websocket-9.0.30.jar;D:\java\maven\org\hibernate\validator\hibernate-validator\6.0.18.Final\hibernate-validator-6.0.18.Final.jar;D:\java\maven\javax\validation\validation-api\2.0.1.Final\validation-api-2.0.1.Final.jar;D:\java\maven\org\jboss\logging\jboss-logging\3.3.3.Final\jboss-logging-3.3.3.Final.jar;D:\java\maven\com\fasterxml\classmate\1.4.0\classmate-1.4.0.jar;D:\java\maven\org\springframework\spring-web\5.1.13.RELEASE\spring-web-5.1.13.RELEASE.jar;D:\java\maven\org\springframework\spring-beans\5.1.13.RELEASE\spring-beans-5.1.13.RELEASE.jar;D:\java\maven\org\springframework\spring-webmvc\5.1.13.RELEASE\spring-webmvc-5.1.13.RELEASE.jar;D:\java\maven\org\springframework\spring-aop\5.1.13.RELEASE\spring-aop-5.1.13.RELEASE.jar;D:\java\maven\org\springframework\spring-context\5.1.13.RELEASE\spring-context-5.1.13.RELEASE.jar;D:\java\maven\org\springframework\spring-expression\5.1.13.RELEASE\spring-expression-5.1.13.RELEASE.jar;"/>
    <property name="java.vm.vendor" value="Oracle Corporation"/>
    <property name="sun.arch.data.model" value="64"/>
    <property name="user.variant" value=""/>
    <property name="java.vendor.url" value="http://java.oracle.com/"/>
    <property name="user.timezone" value="Asia/Shanghai"/>
    <property name="java.vm.specification.version" value="1.8"/>
    <property name="os.name" value="Windows 7"/>
    <property name="user.country" value="CN"/>
    <property name="sun.java.launcher" value="SUN_STANDARD"/>
    <property name="sun.boot.library.path" value="C:\Program Files\Java\jdk1.8.0_241\jre\bin"/>
    <property name="sun.java.command" value="C:\Users\ADMINI~1\AppData\Local\Temp\surefire859440027899819756\surefirebooter5881388671378183017.jar C:\Users\Administrator\AppData\Local\Temp\surefire859440027899819756 2020-03-12T09-34-43_619-jvmRun1 surefire426505506800125825tmp surefire_03643258178454783134tmp"/>
    <property name="surefire.test.class.path" value="D:\LS_graduation_project\iTripBackendProject\itrip-eureka-server\target\test-classes;D:\LS_graduation_project\iTripBackendProject\itrip-eureka-server\target\classes;D:\java\maven\org\springframework\cloud\spring-cloud-starter-netflix-eureka-server\2.1.5.RELEASE\spring-cloud-starter-netflix-eureka-server-2.1.5.RELEASE.jar;D:\java\maven\org\springframework\cloud\spring-cloud-starter\2.1.5.RELEASE\spring-cloud-starter-2.1.5.RELEASE.jar;D:\java\maven\org\springframework\cloud\spring-cloud-context\2.1.5.RELEASE\spring-cloud-context-2.1.5.RELEASE.jar;D:\java\maven\org\springframework\security\spring-security-crypto\5.1.7.RELEASE\spring-security-crypto-5.1.7.RELEASE.jar;D:\java\maven\org\springframework\cloud\spring-cloud-commons\2.1.5.RELEASE\spring-cloud-commons-2.1.5.RELEASE.jar;D:\java\maven\org\springframework\security\spring-security-rsa\1.0.9.RELEASE\spring-security-rsa-1.0.9.RELEASE.jar;D:\java\maven\org\bouncycastle\bcpkix-jdk15on\1.64\bcpkix-jdk15on-1.64.jar;D:\java\maven\org\bouncycastle\bcprov-jdk15on\1.64\bcprov-jdk15on-1.64.jar;D:\java\maven\org\springframework\cloud\spring-cloud-netflix-eureka-server\2.1.5.RELEASE\spring-cloud-netflix-eureka-server-2.1.5.RELEASE.jar;D:\java\maven\org\springframework\boot\spring-boot-starter-actuator\2.1.12.RELEASE\spring-boot-starter-actuator-2.1.12.RELEASE.jar;D:\java\maven\org\springframework\boot\spring-boot-actuator-autoconfigure\2.1.12.RELEASE\spring-boot-actuator-autoconfigure-2.1.12.RELEASE.jar;D:\java\maven\org\springframework\boot\spring-boot-actuator\2.1.12.RELEASE\spring-boot-actuator-2.1.12.RELEASE.jar;D:\java\maven\io\micrometer\micrometer-core\1.1.9\micrometer-core-1.1.9.jar;D:\java\maven\org\hdrhistogram\HdrHistogram\2.1.9\HdrHistogram-2.1.9.jar;D:\java\maven\org\latencyutils\LatencyUtils\2.0.3\LatencyUtils-2.0.3.jar;D:\java\maven\org\springframework\boot\spring-boot-starter-freemarker\2.1.12.RELEASE\spring-boot-starter-freemarker-2.1.12.RELEASE.jar;D:\java\maven\org\freemarker\freemarker\2.3.29\freemarker-2.3.29.jar;D:\java\maven\org\springframework\spring-context-support\5.1.13.RELEASE\spring-context-support-5.1.13.RELEASE.jar;D:\java\maven\org\springframework\cloud\spring-cloud-netflix-hystrix\2.1.5.RELEASE\spring-cloud-netflix-hystrix-2.1.5.RELEASE.jar;D:\java\maven\org\springframework\boot\spring-boot-starter-aop\2.1.12.RELEASE\spring-boot-starter-aop-2.1.12.RELEASE.jar;D:\java\maven\org\aspectj\aspectjweaver\1.9.5\aspectjweaver-1.9.5.jar;D:\java\maven\org\springframework\cloud\spring-cloud-netflix-eureka-client\2.1.5.RELEASE\spring-cloud-netflix-eureka-client-2.1.5.RELEASE.jar;D:\java\maven\com\netflix\eureka\eureka-client\1.9.13\eureka-client-1.9.13.jar;D:\java\maven\org\codehaus\jettison\jettison\1.3.7\jettison-1.3.7.jar;D:\java\maven\stax\stax-api\1.0.1\stax-api-1.0.1.jar;D:\java\maven\com\netflix\netflix-commons\netflix-eventbus\0.3.0\netflix-eventbus-0.3.0.jar;D:\java\maven\com\netflix\netflix-commons\netflix-infix\0.3.0\netflix-infix-0.3.0.jar;D:\java\maven\commons-jxpath\commons-jxpath\1.3\commons-jxpath-1.3.jar;D:\java\maven\joda-time\joda-time\2.10.5\joda-time-2.10.5.jar;D:\java\maven\org\antlr\antlr-runtime\3.4\antlr-runtime-3.4.jar;D:\java\maven\org\antlr\stringtemplate\3.2.1\stringtemplate-3.2.1.jar;D:\java\maven\antlr\antlr\2.7.7\antlr-2.7.7.jar;D:\java\maven\com\google\code\gson\gson\2.8.6\gson-2.8.6.jar;D:\java\maven\org\apache\commons\commons-math\2.2\commons-math-2.2.jar;D:\java\maven\javax\ws\rs\jsr311-api\1.1.1\jsr311-api-1.1.1.jar;D:\java\maven\com\netflix\servo\servo-core\0.12.21\servo-core-0.12.21.jar;D:\java\maven\com\sun\jersey\jersey-core\1.19.1\jersey-core-1.19.1.jar;D:\java\maven\com\sun\jersey\contribs\jersey-apache-client4\1.19.1\jersey-apache-client4-1.19.1.jar;D:\java\maven\org\apache\httpcomponents\httpclient\4.5.10\httpclient-4.5.10.jar;D:\java\maven\org\apache\httpcomponents\httpcore\4.4.13\httpcore-4.4.13.jar;D:\java\maven\commons-codec\commons-codec\1.11\commons-codec-1.11.jar;D:\java\maven\com\google\inject\guice\4.1.0\guice-4.1.0.jar;D:\java\maven\aopalliance\aopalliance\1.0\aopalliance-1.0.jar;D:\java\maven\com\fasterxml\jackson\core\jackson-annotations\2.9.10\jackson-annotations-2.9.10.jar;D:\java\maven\com\fasterxml\jackson\core\jackson-core\2.9.10\jackson-core-2.9.10.jar;D:\java\maven\com\sun\jersey\jersey-servlet\1.19.1\jersey-servlet-1.19.1.jar;D:\java\maven\com\sun\jersey\jersey-server\1.19.1\jersey-server-1.19.1.jar;D:\java\maven\com\sun\jersey\jersey-client\1.19.1\jersey-client-1.19.1.jar;D:\java\maven\com\netflix\eureka\eureka-core\1.9.13\eureka-core-1.9.13.jar;D:\java\maven\com\fasterxml\woodstox\woodstox-core\5.0.3\woodstox-core-5.0.3.jar;D:\java\maven\com\netflix\archaius\archaius-core\0.7.6\archaius-core-0.7.6.jar;D:\java\maven\com\google\code\findbugs\jsr305\3.0.1\jsr305-3.0.1.jar;D:\java\maven\com\google\guava\guava\16.0\guava-16.0.jar;D:\java\maven\javax\inject\javax.inject\1\javax.inject-1.jar;D:\java\maven\com\fasterxml\jackson\dataformat\jackson-dataformat-xml\2.9.10\jackson-dataformat-xml-2.9.10.jar;D:\java\maven\com\fasterxml\jackson\module\jackson-module-jaxb-annotations\2.9.10\jackson-module-jaxb-annotations-2.9.10.jar;D:\java\maven\org\codehaus\woodstox\stax2-api\4.2\stax2-api-4.2.jar;D:\java\maven\com\thoughtworks\xstream\xstream\1.4.11.1\xstream-1.4.11.1.jar;D:\java\maven\xmlpull\xmlpull\1.1.3.1\xmlpull-1.1.3.1.jar;D:\java\maven\xpp3\xpp3_min\1.1.4c\xpp3_min-1.1.4c.jar;D:\java\maven\org\springframework\cloud\spring-cloud-starter-netflix-archaius\2.1.5.RELEASE\spring-cloud-starter-netflix-archaius-2.1.5.RELEASE.jar;D:\java\maven\org\springframework\cloud\spring-cloud-netflix-ribbon\2.1.5.RELEASE\spring-cloud-netflix-ribbon-2.1.5.RELEASE.jar;D:\java\maven\org\springframework\cloud\spring-cloud-netflix-archaius\2.1.5.RELEASE\spring-cloud-netflix-archaius-2.1.5.RELEASE.jar;D:\java\maven\commons-configuration\commons-configuration\1.8\commons-configuration-1.8.jar;D:\java\maven\commons-lang\commons-lang\2.6\commons-lang-2.6.jar;D:\java\maven\org\springframework\cloud\spring-cloud-starter-netflix-ribbon\2.1.5.RELEASE\spring-cloud-starter-netflix-ribbon-2.1.5.RELEASE.jar;D:\java\maven\com\netflix\ribbon\ribbon\2.3.0\ribbon-2.3.0.jar;D:\java\maven\com\netflix\ribbon\ribbon-transport\2.3.0\ribbon-transport-2.3.0.jar;D:\java\maven\io\reactivex\rxnetty-contexts\0.4.9\rxnetty-contexts-0.4.9.jar;D:\java\maven\io\reactivex\rxnetty-servo\0.4.9\rxnetty-servo-0.4.9.jar;D:\java\maven\com\netflix\hystrix\hystrix-core\1.5.18\hystrix-core-1.5.18.jar;D:\java\maven\io\reactivex\rxnetty\0.4.9\rxnetty-0.4.9.jar;D:\java\maven\com\netflix\ribbon\ribbon-core\2.3.0\ribbon-core-2.3.0.jar;D:\java\maven\com\netflix\ribbon\ribbon-httpclient\2.3.0\ribbon-httpclient-2.3.0.jar;D:\java\maven\commons-collections\commons-collections\3.2.2\commons-collections-3.2.2.jar;D:\java\maven\com\netflix\netflix-commons\netflix-commons-util\0.3.0\netflix-commons-util-0.3.0.jar;D:\java\maven\com\netflix\ribbon\ribbon-loadbalancer\2.3.0\ribbon-loadbalancer-2.3.0.jar;D:\java\maven\com\netflix\netflix-commons\netflix-statistics\0.1.1\netflix-statistics-0.1.1.jar;D:\java\maven\io\reactivex\rxjava\1.3.8\rxjava-1.3.8.jar;D:\java\maven\com\netflix\ribbon\ribbon-eureka\2.3.0\ribbon-eureka-2.3.0.jar;D:\java\maven\org\slf4j\slf4j-api\1.7.30\slf4j-api-1.7.30.jar;D:\java\maven\org\glassfish\jaxb\jaxb-runtime\2.3.1\jaxb-runtime-2.3.1.jar;D:\java\maven\javax\xml\bind\jaxb-api\2.3.1\jaxb-api-2.3.1.jar;D:\java\maven\org\glassfish\jaxb\txw2\2.3.1\txw2-2.3.1.jar;D:\java\maven\com\sun\istack\istack-commons-runtime\3.0.7\istack-commons-runtime-3.0.7.jar;D:\java\maven\org\jvnet\staxex\stax-ex\1.8\stax-ex-1.8.jar;D:\java\maven\com\sun\xml\fastinfoset\FastInfoset\1.2.15\FastInfoset-1.2.15.jar;D:\java\maven\javax\activation\javax.activation-api\1.2.0\javax.activation-api-1.2.0.jar;D:\java\maven\junit\junit\4.12\junit-4.12.jar;D:\java\maven\org\hamcrest\hamcrest-core\1.3\hamcrest-core-1.3.jar;D:\java\maven\org\springframework\boot\spring-boot-starter-web\2.1.12.RELEASE\spring-boot-starter-web-2.1.12.RELEASE.jar;D:\java\maven\org\springframework\boot\spring-boot-starter\2.1.12.RELEASE\spring-boot-starter-2.1.12.RELEASE.jar;D:\java\maven\org\springframework\boot\spring-boot\2.1.12.RELEASE\spring-boot-2.1.12.RELEASE.jar;D:\java\maven\org\springframework\boot\spring-boot-autoconfigure\2.1.12.RELEASE\spring-boot-autoconfigure-2.1.12.RELEASE.jar;D:\java\maven\org\springframework\boot\spring-boot-starter-logging\2.1.12.RELEASE\spring-boot-starter-logging-2.1.12.RELEASE.jar;D:\java\maven\ch\qos\logback\logback-classic\1.2.3\logback-classic-1.2.3.jar;D:\java\maven\ch\qos\logback\logback-core\1.2.3\logback-core-1.2.3.jar;D:\java\maven\org\apache\logging\log4j\log4j-to-slf4j\2.11.2\log4j-to-slf4j-2.11.2.jar;D:\java\maven\org\apache\logging\log4j\log4j-api\2.11.2\log4j-api-2.11.2.jar;D:\java\maven\org\slf4j\jul-to-slf4j\1.7.30\jul-to-slf4j-1.7.30.jar;D:\java\maven\javax\annotation\javax.annotation-api\1.3.2\javax.annotation-api-1.3.2.jar;D:\java\maven\org\springframework\spring-core\5.1.13.RELEASE\spring-core-5.1.13.RELEASE.jar;D:\java\maven\org\springframework\spring-jcl\5.1.13.RELEASE\spring-jcl-5.1.13.RELEASE.jar;D:\java\maven\org\yaml\snakeyaml\1.23\snakeyaml-1.23.jar;D:\java\maven\org\springframework\boot\spring-boot-starter-json\2.1.12.RELEASE\spring-boot-starter-json-2.1.12.RELEASE.jar;D:\java\maven\com\fasterxml\jackson\core\jackson-databind\2.9.10.2\jackson-databind-2.9.10.2.jar;D:\java\maven\com\fasterxml\jackson\datatype\jackson-datatype-jdk8\2.9.10\jackson-datatype-jdk8-2.9.10.jar;D:\java\maven\com\fasterxml\jackson\datatype\jackson-datatype-jsr310\2.9.10\jackson-datatype-jsr310-2.9.10.jar;D:\java\maven\com\fasterxml\jackson\module\jackson-module-parameter-names\2.9.10\jackson-module-parameter-names-2.9.10.jar;D:\java\maven\org\springframework\boot\spring-boot-starter-tomcat\2.1.12.RELEASE\spring-boot-starter-tomcat-2.1.12.RELEASE.jar;D:\java\maven\org\apache\tomcat\embed\tomcat-embed-core\9.0.30\tomcat-embed-core-9.0.30.jar;D:\java\maven\org\apache\tomcat\embed\tomcat-embed-el\9.0.30\tomcat-embed-el-9.0.30.jar;D:\java\maven\org\apache\tomcat\embed\tomcat-embed-websocket\9.0.30\tomcat-embed-websocket-9.0.30.jar;D:\java\maven\org\hibernate\validator\hibernate-validator\6.0.18.Final\hibernate-validator-6.0.18.Final.jar;D:\java\maven\javax\validation\validation-api\2.0.1.Final\validation-api-2.0.1.Final.jar;D:\java\maven\org\jboss\logging\jboss-logging\3.3.3.Final\jboss-logging-3.3.3.Final.jar;D:\java\maven\com\fasterxml\classmate\1.4.0\classmate-1.4.0.jar;D:\java\maven\org\springframework\spring-web\5.1.13.RELEASE\spring-web-5.1.13.RELEASE.jar;D:\java\maven\org\springframework\spring-beans\5.1.13.RELEASE\spring-beans-5.1.13.RELEASE.jar;D:\java\maven\org\springframework\spring-webmvc\5.1.13.RELEASE\spring-webmvc-5.1.13.RELEASE.jar;D:\java\maven\org\springframework\spring-aop\5.1.13.RELEASE\spring-aop-5.1.13.RELEASE.jar;D:\java\maven\org\springframework\spring-context\5.1.13.RELEASE\spring-context-5.1.13.RELEASE.jar;D:\java\maven\org\springframework\spring-expression\5.1.13.RELEASE\spring-expression-5.1.13.RELEASE.jar;"/>
    <property name="sun.cpu.endian" value="little"/>
    <property name="user.home" value="C:\Users\Administrator"/>
    <property name="user.language" value="zh"/>
    <property name="java.specification.vendor" value="Oracle Corporation"/>
    <property name="java.home" value="C:\Program Files\Java\jdk1.8.0_241\jre"/>
    <property name="basedir" value="D:\LS_graduation_project\iTripBackendProject\itrip-eureka-server"/>
    <property name="file.separator" value="\"/>
    <property name="line.separator" value="&#10;"/>
    <property name="java.vm.specification.vendor" value="Oracle Corporation"/>
    <property name="java.specification.name" value="Java Platform API Specification"/>
    <property name="java.awt.graphicsenv" value="sun.awt.Win32GraphicsEnvironment"/>
    <property name="surefire.real.class.path" value="C:\Users\ADMINI~1\AppData\Local\Temp\surefire859440027899819756\surefirebooter5881388671378183017.jar"/>
    <property name="sun.boot.class.path" value="C:\Program Files\Java\jdk1.8.0_241\jre\lib\resources.jar;C:\Program Files\Java\jdk1.8.0_241\jre\lib\rt.jar;C:\Program Files\Java\jdk1.8.0_241\jre\lib\sunrsasign.jar;C:\Program Files\Java\jdk1.8.0_241\jre\lib\jsse.jar;C:\Program Files\Java\jdk1.8.0_241\jre\lib\jce.jar;C:\Program Files\Java\jdk1.8.0_241\jre\lib\charsets.jar;C:\Program Files\Java\jdk1.8.0_241\jre\lib\jfr.jar;C:\Program Files\Java\jdk1.8.0_241\jre\classes"/>
    <property name="user.script" value=""/>
    <property name="sun.management.compiler" value="HotSpot 64-Bit Tiered Compilers"/>
    <property name="java.runtime.version" value="1.8.0_241-b07"/>
    <property name="user.name" value="Administrator"/>
    <property name="path.separator" value=";"/>
    <property name="os.version" value="6.1"/>
    <property name="java.endorsed.dirs" value="C:\Program Files\Java\jdk1.8.0_241\jre\lib\endorsed"/>
    <property name="java.runtime.name" value="Java(TM) SE Runtime Environment"/>
    <property name="file.encoding" value="GBK"/>
    <property name="java.vm.name" value="Java HotSpot(TM) 64-Bit Server VM"/>
    <property name="localRepository" value="D:\java\maven"/>
    <property name="java.vendor.url.bug" value="http://bugreport.sun.com/bugreport/"/>
    <property name="java.io.tmpdir" value="C:\Users\ADMINI~1\AppData\Local\Temp\"/>
    <property name="java.version" value="1.8.0_241"/>
    <property name="user.dir" value="D:\LS_graduation_project\iTripBackendProject\itrip-eureka-server"/>
    <property name="os.arch" value="amd64"/>
    <property name="java.vm.specification.name" value="Java Virtual Machine Specification"/>
    <property name="java.awt.printerjob" value="sun.awt.windows.WPrinterJob"/>
    <property name="sun.os.patch.level" value="Service Pack 1"/>
    <property name="idea.version2019.3.3" value="true"/>
    <property name="java.library.path" value="C:\Program Files\Java\jdk1.8.0_241\jre\bin;C:\Windows\Sun\Java\bin;C:\Windows\system32;C:\Windows;C:\Program Files (x86)\Common Files\Oracle\Java\javapath;C:\Program Files\Java\jdk1.8.0_241\\bin;C:\ProgramData\Oracle\Java\javapath;C:\Windows\system32;C:\Windows;C:\Windows\System32\Wbem;C:\Windows\System32\WindowsPowerShell\v1.0\;C:\Program Files\java\jdk-11.0.4\bin;C:\Program Files\MySQL\MySQL Server 5.7\bin;C:\Program Files\Git\cmd;."/>
    <property name="java.vm.info" value="mixed mode"/>
    <property name="java.vendor" value="Oracle Corporation"/>
    <property name="java.vm.version" value="25.241-b07"/>
    <property name="java.ext.dirs" value="C:\Program Files\Java\jdk1.8.0_241\jre\lib\ext;C:\Windows\Sun\Java\lib\ext"/>
    <property name="sun.io.unicode.encoding" value="UnicodeLittle"/>
    <property name="java.class.version" value="52.0"/>
  </properties>
  <testcase name="shouldAnswerWithTrue" classname="cn.ekgc.itrip.AppTest" time="0"/>
</testsuite>